<?xml version="1.0" encoding="UTF-8"?>
<testsuite xmlns:xsi="http://www.w3.org/2001/XMLSchema-instance" xsi:noNamespaceSchemaLocation="https://maven.apache.org/surefire/maven-surefire-plugin/xsd/surefire-test-report.xsd" name="com.knowledge.graph.GraduatedesignApplicationTests" time="3.863" tests="1" errors="0" skipped="0" failures="0">
  <properties>
    <property name="gopherProxySet" value="false"/>
    <property name="awt.toolkit" value="sun.lwawt.macosx.LWCToolkit"/>
    <property name="file.encoding.pkg" value="sun.io"/>
    <property name="java.specification.version" value="1.8"/>
    <property name="sun.cpu.isalist" value=""/>
    <property name="sun.jnu.encoding" value="UTF-8"/>
    <property name="java.class.path" value="/Users/geshuaiqi/githubproject/Puzzle/target/test-classes:/Users/geshuaiqi/githubproject/Puzzle/target/classes:/Users/geshuaiqi/.m2/repository/com/alibaba/fastjson/1.2.21/fastjson-1.2.21.jar:/Users/geshuaiqi/.m2/repository/org/springframework/boot/spring-boot-starter-thymeleaf/2.0.5.RELEASE/spring-boot-starter-thymeleaf-2.0.5.RELEASE.jar:/Users/geshuaiqi/.m2/repository/org/springframework/boot/spring-boot-starter/2.0.5.RELEASE/spring-boot-starter-2.0.5.RELEASE.jar:/Users/geshuaiqi/.m2/repository/org/springframework/boot/spring-boot-starter-logging/2.0.5.RELEASE/spring-boot-starter-logging-2.0.5.RELEASE.jar:/Users/geshuaiqi/.m2/repository/ch/qos/logback/logback-classic/1.2.3/logback-classic-1.2.3.jar:/Users/geshuaiqi/.m2/repository/ch/qos/logback/logback-core/1.2.3/logback-core-1.2.3.jar:/Users/geshuaiqi/.m2/repository/org/apache/logging/log4j/log4j-to-slf4j/2.10.0/log4j-to-slf4j-2.10.0.jar:/Users/geshuaiqi/.m2/repository/org/apache/logging/log4j/log4j-api/2.10.0/log4j-api-2.10.0.jar:/Users/geshuaiqi/.m2/repository/org/slf4j/jul-to-slf4j/1.7.25/jul-to-slf4j-1.7.25.jar:/Users/geshuaiqi/.m2/repository/javax/annotation/javax.annotation-api/1.3.2/javax.annotation-api-1.3.2.jar:/Users/geshuaiqi/.m2/repository/org/yaml/snakeyaml/1.19/snakeyaml-1.19.jar:/Users/geshuaiqi/.m2/repository/org/thymeleaf/thymeleaf-spring5/3.0.9.RELEASE/thymeleaf-spring5-3.0.9.RELEASE.jar:/Users/geshuaiqi/.m2/repository/org/thymeleaf/thymeleaf/3.0.9.RELEASE/thymeleaf-3.0.9.RELEASE.jar:/Users/geshuaiqi/.m2/repository/org/attoparser/attoparser/2.0.4.RELEASE/attoparser-2.0.4.RELEASE.jar:/Users/geshuaiqi/.m2/repository/org/unbescape/unbescape/1.1.5.RELEASE/unbescape-1.1.5.RELEASE.jar:/Users/geshuaiqi/.m2/repository/org/slf4j/slf4j-api/1.7.25/slf4j-api-1.7.25.jar:/Users/geshuaiqi/.m2/repository/org/thymeleaf/extras/thymeleaf-extras-java8time/3.0.1.RELEASE/thymeleaf-extras-java8time-3.0.1.RELEASE.jar:/Users/geshuaiqi/.m2/repository/org/springframework/boot/spring-boot-starter-web/2.0.5.RELEASE/spring-boot-starter-web-2.0.5.RELEASE.jar:/Users/geshuaiqi/.m2/repository/org/springframework/boot/spring-boot-starter-json/2.0.5.RELEASE/spring-boot-starter-json-2.0.5.RELEASE.jar:/Users/geshuaiqi/.m2/repository/com/fasterxml/jackson/core/jackson-databind/2.9.6/jackson-databind-2.9.6.jar:/Users/geshuaiqi/.m2/repository/com/fasterxml/jackson/core/jackson-annotations/2.9.0/jackson-annotations-2.9.0.jar:/Users/geshuaiqi/.m2/repository/com/fasterxml/jackson/core/jackson-core/2.9.6/jackson-core-2.9.6.jar:/Users/geshuaiqi/.m2/repository/com/fasterxml/jackson/datatype/jackson-datatype-jdk8/2.9.6/jackson-datatype-jdk8-2.9.6.jar:/Users/geshuaiqi/.m2/repository/com/fasterxml/jackson/datatype/jackson-datatype-jsr310/2.9.6/jackson-datatype-jsr310-2.9.6.jar:/Users/geshuaiqi/.m2/repository/com/fasterxml/jackson/module/jackson-module-parameter-names/2.9.6/jackson-module-parameter-names-2.9.6.jar:/Users/geshuaiqi/.m2/repository/org/springframework/boot/spring-boot-starter-tomcat/2.0.5.RELEASE/spring-boot-starter-tomcat-2.0.5.RELEASE.jar:/Users/geshuaiqi/.m2/repository/org/apache/tomcat/embed/tomcat-embed-core/8.5.34/tomcat-embed-core-8.5.34.jar:/Users/geshuaiqi/.m2/repository/org/apache/tomcat/embed/tomcat-embed-el/8.5.34/tomcat-embed-el-8.5.34.jar:/Users/geshuaiqi/.m2/repository/org/apache/tomcat/embed/tomcat-embed-websocket/8.5.34/tomcat-embed-websocket-8.5.34.jar:/Users/geshuaiqi/.m2/repository/org/hibernate/validator/hibernate-validator/6.0.12.Final/hibernate-validator-6.0.12.Final.jar:/Users/geshuaiqi/.m2/repository/javax/validation/validation-api/2.0.1.Final/validation-api-2.0.1.Final.jar:/Users/geshuaiqi/.m2/repository/org/jboss/logging/jboss-logging/3.3.2.Final/jboss-logging-3.3.2.Final.jar:/Users/geshuaiqi/.m2/repository/com/fasterxml/classmate/1.3.4/classmate-1.3.4.jar:/Users/geshuaiqi/.m2/repository/org/springframework/spring-web/5.0.9.RELEASE/spring-web-5.0.9.RELEASE.jar:/Users/geshuaiqi/.m2/repository/org/springframework/spring-beans/5.0.9.RELEASE/spring-beans-5.0.9.RELEASE.jar:/Users/geshuaiqi/.m2/repository/org/springframework/spring-webmvc/5.0.9.RELEASE/spring-webmvc-5.0.9.RELEASE.jar:/Users/geshuaiqi/.m2/repository/org/springframework/spring-aop/5.0.9.RELEASE/spring-aop-5.0.9.RELEASE.jar:/Users/geshuaiqi/.m2/repository/org/springframework/spring-context/5.0.9.RELEASE/spring-context-5.0.9.RELEASE.jar:/Users/geshuaiqi/.m2/repository/org/springframework/spring-expression/5.0.9.RELEASE/spring-expression-5.0.9.RELEASE.jar:/Users/geshuaiqi/.m2/repository/org/springframework/boot/spring-boot-starter-test/2.0.5.RELEASE/spring-boot-starter-test-2.0.5.RELEASE.jar:/Users/geshuaiqi/.m2/repository/org/springframework/boot/spring-boot-test/2.0.5.RELEASE/spring-boot-test-2.0.5.RELEASE.jar:/Users/geshuaiqi/.m2/repository/org/springframework/boot/spring-boot-test-autoconfigure/2.0.5.RELEASE/spring-boot-test-autoconfigure-2.0.5.RELEASE.jar:/Users/geshuaiqi/.m2/repository/com/jayway/jsonpath/json-path/2.4.0/json-path-2.4.0.jar:/Users/geshuaiqi/.m2/repository/net/minidev/json-smart/2.3/json-smart-2.3.jar:/Users/geshuaiqi/.m2/repository/net/minidev/accessors-smart/1.2/accessors-smart-1.2.jar:/Users/geshuaiqi/.m2/repository/junit/junit/4.12/junit-4.12.jar:/Users/geshuaiqi/.m2/repository/org/assertj/assertj-core/3.9.1/assertj-core-3.9.1.jar:/Users/geshuaiqi/.m2/repository/org/mockito/mockito-core/2.15.0/mockito-core-2.15.0.jar:/Users/geshuaiqi/.m2/repository/net/bytebuddy/byte-buddy/1.7.11/byte-buddy-1.7.11.jar:/Users/geshuaiqi/.m2/repository/net/bytebuddy/byte-buddy-agent/1.7.11/byte-buddy-agent-1.7.11.jar:/Users/geshuaiqi/.m2/repository/org/objenesis/objenesis/2.6/objenesis-2.6.jar:/Users/geshuaiqi/.m2/repository/org/hamcrest/hamcrest-core/1.3/hamcrest-core-1.3.jar:/Users/geshuaiqi/.m2/repository/org/hamcrest/hamcrest-library/1.3/hamcrest-library-1.3.jar:/Users/geshuaiqi/.m2/repository/org/skyscreamer/jsonassert/1.5.0/jsonassert-1.5.0.jar:/Users/geshuaiqi/.m2/repository/com/vaadin/external/google/android-json/0.0.20131108.vaadin1/android-json-0.0.20131108.vaadin1.jar:/Users/geshuaiqi/.m2/repository/org/springframework/spring-core/5.0.9.RELEASE/spring-core-5.0.9.RELEASE.jar:/Users/geshuaiqi/.m2/repository/org/springframework/spring-jcl/5.0.9.RELEASE/spring-jcl-5.0.9.RELEASE.jar:/Users/geshuaiqi/.m2/repository/org/springframework/spring-test/5.0.9.RELEASE/spring-test-5.0.9.RELEASE.jar:/Users/geshuaiqi/.m2/repository/org/xmlunit/xmlunit-core/2.5.1/xmlunit-core-2.5.1.jar:/Users/geshuaiqi/.m2/repository/org/springframework/boot/spring-boot-devtools/2.0.5.RELEASE/spring-boot-devtools-2.0.5.RELEASE.jar:/Users/geshuaiqi/.m2/repository/org/springframework/boot/spring-boot/2.0.5.RELEASE/spring-boot-2.0.5.RELEASE.jar:/Users/geshuaiqi/.m2/repository/org/springframework/boot/spring-boot-autoconfigure/2.0.5.RELEASE/spring-boot-autoconfigure-2.0.5.RELEASE.jar:/Users/geshuaiqi/.m2/repository/net/sf/json-lib/json-lib/2.4/json-lib-2.4-jdk15.jar:/Users/geshuaiqi/.m2/repository/commons-beanutils/commons-beanutils/1.8.0/commons-beanutils-1.8.0.jar:/Users/geshuaiqi/.m2/repository/commons-collections/commons-collections/3.2.1/commons-collections-3.2.1.jar:/Users/geshuaiqi/.m2/repository/commons-lang/commons-lang/2.5/commons-lang-2.5.jar:/Users/geshuaiqi/.m2/repository/commons-logging/commons-logging/1.1.1/commons-logging-1.1.1.jar:/Users/geshuaiqi/.m2/repository/net/sf/ezmorph/ezmorph/1.0.6/ezmorph-1.0.6.jar:/Users/geshuaiqi/.m2/repository/org/neo4j/neo4j-jdbc-driver/3.0.1/neo4j-jdbc-driver-3.0.1.jar:/Users/geshuaiqi/.m2/repository/org/neo4j/neo4j/3.0.1/neo4j-3.0.1.jar:/Users/geshuaiqi/.m2/repository/org/neo4j/neo4j-kernel/3.0.1/neo4j-kernel-3.0.1.jar:/Users/geshuaiqi/.m2/repository/org/neo4j/neo4j-graphdb-api/3.0.1/neo4j-graphdb-api-3.0.1.jar:/Users/geshuaiqi/.m2/repository/org/neo4j/neo4j-resource/3.0.1/neo4j-resource-3.0.1.jar:/Users/geshuaiqi/.m2/repository/org/neo4j/neo4j-common/3.0.1/neo4j-common-3.0.1.jar:/Users/geshuaiqi/.m2/repository/org/neo4j/neo4j-collections/3.0.1/neo4j-collections-3.0.1.jar:/Users/geshuaiqi/.m2/repository/org/neo4j/neo4j-primitive-collections/3.0.1/neo4j-primitive-collections-3.0.1.jar:/Users/geshuaiqi/.m2/repository/org/neo4j/neo4j-unsafe/3.0.1/neo4j-unsafe-3.0.1.jar:/Users/geshuaiqi/.m2/repository/org/neo4j/neo4j-io/3.0.1/neo4j-io-3.0.1.jar:/Users/geshuaiqi/.m2/repository/org/apache/commons/commons-lang3/3.7/commons-lang3-3.7.jar:/Users/geshuaiqi/.m2/repository/org/neo4j/neo4j-csv/3.0.1/neo4j-csv-3.0.1.jar:/Users/geshuaiqi/.m2/repository/org/neo4j/neo4j-logging/3.0.1/neo4j-logging-3.0.1.jar:/Users/geshuaiqi/.m2/repository/org/neo4j/neo4j-security/3.0.1/neo4j-security-3.0.1.jar:/Users/geshuaiqi/.m2/repository/org/neo4j/neo4j-lucene-upgrade/3.0.1/neo4j-lucene-upgrade-3.0.1.jar:/Users/geshuaiqi/.m2/repository/org/apache/lucene/lucene-backward-codecs/5.5.0/lucene-backward-codecs-5.5.0.jar:/Users/geshuaiqi/.m2/repository/org/neo4j/neo4j-lucene-index/3.0.1/neo4j-lucene-index-3.0.1.jar:/Users/geshuaiqi/.m2/repository/org/apache/lucene/lucene-analyzers-common/5.5.0/lucene-analyzers-common-5.5.0.jar:/Users/geshuaiqi/.m2/repository/org/apache/lucene/lucene-core/5.5.0/lucene-core-5.5.0.jar:/Users/geshuaiqi/.m2/repository/org/apache/lucene/lucene-queryparser/5.5.0/lucene-queryparser-5.5.0.jar:/Users/geshuaiqi/.m2/repository/org/apache/lucene/lucene-codecs/5.5.0/lucene-codecs-5.5.0.jar:/Users/geshuaiqi/.m2/repository/org/neo4j/neo4j-graph-algo/3.0.1/neo4j-graph-algo-3.0.1.jar:/Users/geshuaiqi/.m2/repository/org/neo4j/neo4j-udc/3.0.1/neo4j-udc-3.0.1.jar:/Users/geshuaiqi/.m2/repository/org/neo4j/neo4j-graph-matching/3.0.1/neo4j-graph-matching-3.0.1.jar:/Users/geshuaiqi/.m2/repository/org/neo4j/neo4j-cypher/3.0.1/neo4j-cypher-3.0.1.jar:/Users/geshuaiqi/.m2/repository/org/scala-lang/scala-library/2.11.8/scala-library-2.11.8.jar:/Users/geshuaiqi/.m2/repository/org/scala-lang/scala-reflect/2.11.8/scala-reflect-2.11.8.jar:/Users/geshuaiqi/.m2/repository/org/neo4j/neo4j-codegen/3.0.1/neo4j-codegen-3.0.1.jar:/Users/geshuaiqi/.m2/repository/org/ow2/asm/asm/5.0.2/asm-5.0.2.jar:/Users/geshuaiqi/.m2/repository/org/neo4j/neo4j-cypher-compiler-2.3/2.3.3/neo4j-cypher-compiler-2.3-2.3.3.jar:/Users/geshuaiqi/.m2/repository/org/neo4j/neo4j-cypher-frontend-2.3/2.3.3/neo4j-cypher-frontend-2.3-2.3.3.jar:/Users/geshuaiqi/.m2/repository/org/neo4j/neo4j-cypher-compiler-3.0/3.0.1/neo4j-cypher-compiler-3.0-3.0.1.jar:/Users/geshuaiqi/.m2/repository/org/neo4j/neo4j-cypher-frontend-3.0/3.0.1/neo4j-cypher-frontend-3.0-3.0.1.jar:/Users/geshuaiqi/.m2/repository/org/parboiled/parboiled-scala_2.11/1.1.7/parboiled-scala_2.11-1.1.7.jar:/Users/geshuaiqi/.m2/repository/org/parboiled/parboiled-core/1.1.7/parboiled-core-1.1.7.jar:/Users/geshuaiqi/.m2/repository/net/sf/opencsv/opencsv/2.3/opencsv-2.3.jar:/Users/geshuaiqi/.m2/repository/com/googlecode/concurrentlinkedhashmap/concurrentlinkedhashmap-lru/1.4.2/concurrentlinkedhashmap-lru-1.4.2.jar:/Users/geshuaiqi/.m2/repository/org/neo4j/neo4j-jmx/3.0.1/neo4j-jmx-3.0.1.jar:/Users/geshuaiqi/.m2/repository/org/neo4j/neo4j-consistency-check/3.0.1/neo4j-consistency-check-3.0.1.jar:"/>
    <property name="java.vm.vendor" value="Oracle Corporation"/>
    <property name="sun.arch.data.model" value="64"/>
    <property name="java.vendor.url" value="http://java.oracle.com/"/>
    <property name="user.timezone" value=""/>
    <property name="java.vm.specification.version" value="1.8"/>
    <property name="os.name" value="Mac OS X"/>
    <property name="user.country" value="CN"/>
    <property name="sun.java.launcher" value="SUN_STANDARD"/>
    <property name="sun.boot.library.path" value="/Library/Java/JavaVirtualMachines/jdk1.8.0_131.jdk/Contents/Home/jre/lib"/>
    <property name="sun.java.command" value="/Users/geshuaiqi/githubproject/Puzzle/target/surefire/surefirebooter7344086302122507030.jar /Users/geshuaiqi/githubproject/Puzzle/target/surefire 2019-05-01T17-37-32_559-jvmRun1 surefire8245052934932122294tmp surefire_03818928917021769853tmp"/>
    <property name="surefire.test.class.path" value="/Users/geshuaiqi/githubproject/Puzzle/target/test-classes:/Users/geshuaiqi/githubproject/Puzzle/target/classes:/Users/geshuaiqi/.m2/repository/com/alibaba/fastjson/1.2.21/fastjson-1.2.21.jar:/Users/geshuaiqi/.m2/repository/org/springframework/boot/spring-boot-starter-thymeleaf/2.0.5.RELEASE/spring-boot-starter-thymeleaf-2.0.5.RELEASE.jar:/Users/geshuaiqi/.m2/repository/org/springframework/boot/spring-boot-starter/2.0.5.RELEASE/spring-boot-starter-2.0.5.RELEASE.jar:/Users/geshuaiqi/.m2/repository/org/springframework/boot/spring-boot-starter-logging/2.0.5.RELEASE/spring-boot-starter-logging-2.0.5.RELEASE.jar:/Users/geshuaiqi/.m2/repository/ch/qos/logback/logback-classic/1.2.3/logback-classic-1.2.3.jar:/Users/geshuaiqi/.m2/repository/ch/qos/logback/logback-core/1.2.3/logback-core-1.2.3.jar:/Users/geshuaiqi/.m2/repository/org/apache/logging/log4j/log4j-to-slf4j/2.10.0/log4j-to-slf4j-2.10.0.jar:/Users/geshuaiqi/.m2/repository/org/apache/logging/log4j/log4j-api/2.10.0/log4j-api-2.10.0.jar:/Users/geshuaiqi/.m2/repository/org/slf4j/jul-to-slf4j/1.7.25/jul-to-slf4j-1.7.25.jar:/Users/geshuaiqi/.m2/repository/javax/annotation/javax.annotation-api/1.3.2/javax.annotation-api-1.3.2.jar:/Users/geshuaiqi/.m2/repository/org/yaml/snakeyaml/1.19/snakeyaml-1.19.jar:/Users/geshuaiqi/.m2/repository/org/thymeleaf/thymeleaf-spring5/3.0.9.RELEASE/thymeleaf-spring5-3.0.9.RELEASE.jar:/Users/geshuaiqi/.m2/repository/org/thymeleaf/thymeleaf/3.0.9.RELEASE/thymeleaf-3.0.9.RELEASE.jar:/Users/geshuaiqi/.m2/repository/org/attoparser/attoparser/2.0.4.RELEASE/attoparser-2.0.4.RELEASE.jar:/Users/geshuaiqi/.m2/repository/org/unbescape/unbescape/1.1.5.RELEASE/unbescape-1.1.5.RELEASE.jar:/Users/geshuaiqi/.m2/repository/org/slf4j/slf4j-api/1.7.25/slf4j-api-1.7.25.jar:/Users/geshuaiqi/.m2/repository/org/thymeleaf/extras/thymeleaf-extras-java8time/3.0.1.RELEASE/thymeleaf-extras-java8time-3.0.1.RELEASE.jar:/Users/geshuaiqi/.m2/repository/org/springframework/boot/spring-boot-starter-web/2.0.5.RELEASE/spring-boot-starter-web-2.0.5.RELEASE.jar:/Users/geshuaiqi/.m2/repository/org/springframework/boot/spring-boot-starter-json/2.0.5.RELEASE/spring-boot-starter-json-2.0.5.RELEASE.jar:/Users/geshuaiqi/.m2/repository/com/fasterxml/jackson/core/jackson-databind/2.9.6/jackson-databind-2.9.6.jar:/Users/geshuaiqi/.m2/repository/com/fasterxml/jackson/core/jackson-annotations/2.9.0/jackson-annotations-2.9.0.jar:/Users/geshuaiqi/.m2/repository/com/fasterxml/jackson/core/jackson-core/2.9.6/jackson-core-2.9.6.jar:/Users/geshuaiqi/.m2/repository/com/fasterxml/jackson/datatype/jackson-datatype-jdk8/2.9.6/jackson-datatype-jdk8-2.9.6.jar:/Users/geshuaiqi/.m2/repository/com/fasterxml/jackson/datatype/jackson-datatype-jsr310/2.9.6/jackson-datatype-jsr310-2.9.6.jar:/Users/geshuaiqi/.m2/repository/com/fasterxml/jackson/module/jackson-module-parameter-names/2.9.6/jackson-module-parameter-names-2.9.6.jar:/Users/geshuaiqi/.m2/repository/org/springframework/boot/spring-boot-starter-tomcat/2.0.5.RELEASE/spring-boot-starter-tomcat-2.0.5.RELEASE.jar:/Users/geshuaiqi/.m2/repository/org/apache/tomcat/embed/tomcat-embed-core/8.5.34/tomcat-embed-core-8.5.34.jar:/Users/geshuaiqi/.m2/repository/org/apache/tomcat/embed/tomcat-embed-el/8.5.34/tomcat-embed-el-8.5.34.jar:/Users/geshuaiqi/.m2/repository/org/apache/tomcat/embed/tomcat-embed-websocket/8.5.34/tomcat-embed-websocket-8.5.34.jar:/Users/geshuaiqi/.m2/repository/org/hibernate/validator/hibernate-validator/6.0.12.Final/hibernate-validator-6.0.12.Final.jar:/Users/geshuaiqi/.m2/repository/javax/validation/validation-api/2.0.1.Final/validation-api-2.0.1.Final.jar:/Users/geshuaiqi/.m2/repository/org/jboss/logging/jboss-logging/3.3.2.Final/jboss-logging-3.3.2.Final.jar:/Users/geshuaiqi/.m2/repository/com/fasterxml/classmate/1.3.4/classmate-1.3.4.jar:/Users/geshuaiqi/.m2/repository/org/springframework/spring-web/5.0.9.RELEASE/spring-web-5.0.9.RELEASE.jar:/Users/geshuaiqi/.m2/repository/org/springframework/spring-beans/5.0.9.RELEASE/spring-beans-5.0.9.RELEASE.jar:/Users/geshuaiqi/.m2/repository/org/springframework/spring-webmvc/5.0.9.RELEASE/spring-webmvc-5.0.9.RELEASE.jar:/Users/geshuaiqi/.m2/repository/org/springframework/spring-aop/5.0.9.RELEASE/spring-aop-5.0.9.RELEASE.jar:/Users/geshuaiqi/.m2/repository/org/springframework/spring-context/5.0.9.RELEASE/spring-context-5.0.9.RELEASE.jar:/Users/geshuaiqi/.m2/repository/org/springframework/spring-expression/5.0.9.RELEASE/spring-expression-5.0.9.RELEASE.jar:/Users/geshuaiqi/.m2/repository/org/springframework/boot/spring-boot-starter-test/2.0.5.RELEASE/spring-boot-starter-test-2.0.5.RELEASE.jar:/Users/geshuaiqi/.m2/repository/org/springframework/boot/spring-boot-test/2.0.5.RELEASE/spring-boot-test-2.0.5.RELEASE.jar:/Users/geshuaiqi/.m2/repository/org/springframework/boot/spring-boot-test-autoconfigure/2.0.5.RELEASE/spring-boot-test-autoconfigure-2.0.5.RELEASE.jar:/Users/geshuaiqi/.m2/repository/com/jayway/jsonpath/json-path/2.4.0/json-path-2.4.0.jar:/Users/geshuaiqi/.m2/repository/net/minidev/json-smart/2.3/json-smart-2.3.jar:/Users/geshuaiqi/.m2/repository/net/minidev/accessors-smart/1.2/accessors-smart-1.2.jar:/Users/geshuaiqi/.m2/repository/junit/junit/4.12/junit-4.12.jar:/Users/geshuaiqi/.m2/repository/org/assertj/assertj-core/3.9.1/assertj-core-3.9.1.jar:/Users/geshuaiqi/.m2/repository/org/mockito/mockito-core/2.15.0/mockito-core-2.15.0.jar:/Users/geshuaiqi/.m2/repository/net/bytebuddy/byte-buddy/1.7.11/byte-buddy-1.7.11.jar:/Users/geshuaiqi/.m2/repository/net/bytebuddy/byte-buddy-agent/1.7.11/byte-buddy-agent-1.7.11.jar:/Users/geshuaiqi/.m2/repository/org/objenesis/objenesis/2.6/objenesis-2.6.jar:/Users/geshuaiqi/.m2/repository/org/hamcrest/hamcrest-core/1.3/hamcrest-core-1.3.jar:/Users/geshuaiqi/.m2/repository/org/hamcrest/hamcrest-library/1.3/hamcrest-library-1.3.jar:/Users/geshuaiqi/.m2/repository/org/skyscreamer/jsonassert/1.5.0/jsonassert-1.5.0.jar:/Users/geshuaiqi/.m2/repository/com/vaadin/external/google/android-json/0.0.20131108.vaadin1/android-json-0.0.20131108.vaadin1.jar:/Users/geshuaiqi/.m2/repository/org/springframework/spring-core/5.0.9.RELEASE/spring-core-5.0.9.RELEASE.jar:/Users/geshuaiqi/.m2/repository/org/springframework/spring-jcl/5.0.9.RELEASE/spring-jcl-5.0.9.RELEASE.jar:/Users/geshuaiqi/.m2/repository/org/springframework/spring-test/5.0.9.RELEASE/spring-test-5.0.9.RELEASE.jar:/Users/geshuaiqi/.m2/repository/org/xmlunit/xmlunit-core/2.5.1/xmlunit-core-2.5.1.jar:/Users/geshuaiqi/.m2/repository/org/springframework/boot/spring-boot-devtools/2.0.5.RELEASE/spring-boot-devtools-2.0.5.RELEASE.jar:/Users/geshuaiqi/.m2/repository/org/springframework/boot/spring-boot/2.0.5.RELEASE/spring-boot-2.0.5.RELEASE.jar:/Users/geshuaiqi/.m2/repository/org/springframework/boot/spring-boot-autoconfigure/2.0.5.RELEASE/spring-boot-autoconfigure-2.0.5.RELEASE.jar:/Users/geshuaiqi/.m2/repository/net/sf/json-lib/json-lib/2.4/json-lib-2.4-jdk15.jar:/Users/geshuaiqi/.m2/repository/commons-beanutils/commons-beanutils/1.8.0/commons-beanutils-1.8.0.jar:/Users/geshuaiqi/.m2/repository/commons-collections/commons-collections/3.2.1/commons-collections-3.2.1.jar:/Users/geshuaiqi/.m2/repository/commons-lang/commons-lang/2.5/commons-lang-2.5.jar:/Users/geshuaiqi/.m2/repository/commons-logging/commons-logging/1.1.1/commons-logging-1.1.1.jar:/Users/geshuaiqi/.m2/repository/net/sf/ezmorph/ezmorph/1.0.6/ezmorph-1.0.6.jar:/Users/geshuaiqi/.m2/repository/org/neo4j/neo4j-jdbc-driver/3.0.1/neo4j-jdbc-driver-3.0.1.jar:/Users/geshuaiqi/.m2/repository/org/neo4j/neo4j/3.0.1/neo4j-3.0.1.jar:/Users/geshuaiqi/.m2/repository/org/neo4j/neo4j-kernel/3.0.1/neo4j-kernel-3.0.1.jar:/Users/geshuaiqi/.m2/repository/org/neo4j/neo4j-graphdb-api/3.0.1/neo4j-graphdb-api-3.0.1.jar:/Users/geshuaiqi/.m2/repository/org/neo4j/neo4j-resource/3.0.1/neo4j-resource-3.0.1.jar:/Users/geshuaiqi/.m2/repository/org/neo4j/neo4j-common/3.0.1/neo4j-common-3.0.1.jar:/Users/geshuaiqi/.m2/repository/org/neo4j/neo4j-collections/3.0.1/neo4j-collections-3.0.1.jar:/Users/geshuaiqi/.m2/repository/org/neo4j/neo4j-primitive-collections/3.0.1/neo4j-primitive-collections-3.0.1.jar:/Users/geshuaiqi/.m2/repository/org/neo4j/neo4j-unsafe/3.0.1/neo4j-unsafe-3.0.1.jar:/Users/geshuaiqi/.m2/repository/org/neo4j/neo4j-io/3.0.1/neo4j-io-3.0.1.jar:/Users/geshuaiqi/.m2/repository/org/apache/commons/commons-lang3/3.7/commons-lang3-3.7.jar:/Users/geshuaiqi/.m2/repository/org/neo4j/neo4j-csv/3.0.1/neo4j-csv-3.0.1.jar:/Users/geshuaiqi/.m2/repository/org/neo4j/neo4j-logging/3.0.1/neo4j-logging-3.0.1.jar:/Users/geshuaiqi/.m2/repository/org/neo4j/neo4j-security/3.0.1/neo4j-security-3.0.1.jar:/Users/geshuaiqi/.m2/repository/org/neo4j/neo4j-lucene-upgrade/3.0.1/neo4j-lucene-upgrade-3.0.1.jar:/Users/geshuaiqi/.m2/repository/org/apache/lucene/lucene-backward-codecs/5.5.0/lucene-backward-codecs-5.5.0.jar:/Users/geshuaiqi/.m2/repository/org/neo4j/neo4j-lucene-index/3.0.1/neo4j-lucene-index-3.0.1.jar:/Users/geshuaiqi/.m2/repository/org/apache/lucene/lucene-analyzers-common/5.5.0/lucene-analyzers-common-5.5.0.jar:/Users/geshuaiqi/.m2/repository/org/apache/lucene/lucene-core/5.5.0/lucene-core-5.5.0.jar:/Users/geshuaiqi/.m2/repository/org/apache/lucene/lucene-queryparser/5.5.0/lucene-queryparser-5.5.0.jar:/Users/geshuaiqi/.m2/repository/org/apache/lucene/lucene-codecs/5.5.0/lucene-codecs-5.5.0.jar:/Users/geshuaiqi/.m2/repository/org/neo4j/neo4j-graph-algo/3.0.1/neo4j-graph-algo-3.0.1.jar:/Users/geshuaiqi/.m2/repository/org/neo4j/neo4j-udc/3.0.1/neo4j-udc-3.0.1.jar:/Users/geshuaiqi/.m2/repository/org/neo4j/neo4j-graph-matching/3.0.1/neo4j-graph-matching-3.0.1.jar:/Users/geshuaiqi/.m2/repository/org/neo4j/neo4j-cypher/3.0.1/neo4j-cypher-3.0.1.jar:/Users/geshuaiqi/.m2/repository/org/scala-lang/scala-library/2.11.8/scala-library-2.11.8.jar:/Users/geshuaiqi/.m2/repository/org/scala-lang/scala-reflect/2.11.8/scala-reflect-2.11.8.jar:/Users/geshuaiqi/.m2/repository/org/neo4j/neo4j-codegen/3.0.1/neo4j-codegen-3.0.1.jar:/Users/geshuaiqi/.m2/repository/org/ow2/asm/asm/5.0.2/asm-5.0.2.jar:/Users/geshuaiqi/.m2/repository/org/neo4j/neo4j-cypher-compiler-2.3/2.3.3/neo4j-cypher-compiler-2.3-2.3.3.jar:/Users/geshuaiqi/.m2/repository/org/neo4j/neo4j-cypher-frontend-2.3/2.3.3/neo4j-cypher-frontend-2.3-2.3.3.jar:/Users/geshuaiqi/.m2/repository/org/neo4j/neo4j-cypher-compiler-3.0/3.0.1/neo4j-cypher-compiler-3.0-3.0.1.jar:/Users/geshuaiqi/.m2/repository/org/neo4j/neo4j-cypher-frontend-3.0/3.0.1/neo4j-cypher-frontend-3.0-3.0.1.jar:/Users/geshuaiqi/.m2/repository/org/parboiled/parboiled-scala_2.11/1.1.7/parboiled-scala_2.11-1.1.7.jar:/Users/geshuaiqi/.m2/repository/org/parboiled/parboiled-core/1.1.7/parboiled-core-1.1.7.jar:/Users/geshuaiqi/.m2/repository/net/sf/opencsv/opencsv/2.3/opencsv-2.3.jar:/Users/geshuaiqi/.m2/repository/com/googlecode/concurrentlinkedhashmap/concurrentlinkedhashmap-lru/1.4.2/concurrentlinkedhashmap-lru-1.4.2.jar:/Users/geshuaiqi/.m2/repository/org/neo4j/neo4j-jmx/3.0.1/neo4j-jmx-3.0.1.jar:/Users/geshuaiqi/.m2/repository/org/neo4j/neo4j-consistency-check/3.0.1/neo4j-consistency-check-3.0.1.jar:"/>
    <property name="sun.cpu.endian" value="little"/>
    <property name="user.home" value="/Users/geshuaiqi"/>
    <property name="user.language" value="zh"/>
    <property name="java.specification.vendor" value="Oracle Corporation"/>
    <property name="java.home" value="/Library/Java/JavaVirtualMachines/jdk1.8.0_131.jdk/Contents/Home/jre"/>
    <property name="basedir" value="/Users/geshuaiqi/githubproject/Puzzle"/>
    <property name="file.separator" value="/"/>
    <property name="line.separator" value="&#10;"/>
    <property name="java.vm.specification.vendor" value="Oracle Corporation"/>
    <property name="java.specification.name" value="Java Platform API Specification"/>
    <property name="java.awt.graphicsenv" value="sun.awt.CGraphicsEnvironment"/>
    <property name="surefire.real.class.path" value="/Users/geshuaiqi/githubproject/Puzzle/target/surefire/surefirebooter7344086302122507030.jar"/>
    <property name="sun.boot.class.path" value="/Library/Java/JavaVirtualMachines/jdk1.8.0_131.jdk/Contents/Home/jre/lib/resources.jar:/Library/Java/JavaVirtualMachines/jdk1.8.0_131.jdk/Contents/Home/jre/lib/rt.jar:/Library/Java/JavaVirtualMachines/jdk1.8.0_131.jdk/Contents/Home/jre/lib/sunrsasign.jar:/Library/Java/JavaVirtualMachines/jdk1.8.0_131.jdk/Contents/Home/jre/lib/jsse.jar:/Library/Java/JavaVirtualMachines/jdk1.8.0_131.jdk/Contents/Home/jre/lib/jce.jar:/Library/Java/JavaVirtualMachines/jdk1.8.0_131.jdk/Contents/Home/jre/lib/charsets.jar:/Library/Java/JavaVirtualMachines/jdk1.8.0_131.jdk/Contents/Home/jre/lib/jfr.jar:/Library/Java/JavaVirtualMachines/jdk1.8.0_131.jdk/Contents/Home/jre/classes"/>
    <property name="sun.management.compiler" value="HotSpot 64-Bit Tiered Compilers"/>
    <property name="java.runtime.version" value="1.8.0_131-b11"/>
    <property name="user.name" value="geshuaiqi"/>
    <property name="path.separator" value=":"/>
    <property name="os.version" value="10.14"/>
    <property name="java.endorsed.dirs" value="/Library/Java/JavaVirtualMachines/jdk1.8.0_131.jdk/Contents/Home/jre/lib/endorsed"/>
    <property name="java.runtime.name" value="Java(TM) SE Runtime Environment"/>
    <property name="file.encoding" value="UTF-8"/>
    <property name="java.vm.name" value="Java HotSpot(TM) 64-Bit Server VM"/>
    <property name="localRepository" value="/Users/geshuaiqi/.m2/repository"/>
    <property name="java.vendor.url.bug" value="http://bugreport.sun.com/bugreport/"/>
    <property name="java.io.tmpdir" value="/var/folders/jg/vd1jwnsj3zg3n18bvl3vpqjh0000gn/T/"/>
    <property name="idea.version" value="2017.1.5"/>
    <property name="java.version" value="1.8.0_131"/>
    <property name="user.dir" value="/Users/geshuaiqi/githubproject/Puzzle"/>
    <property name="os.arch" value="x86_64"/>
    <property name="java.vm.specification.name" value="Java Virtual Machine Specification"/>
    <property name="java.awt.printerjob" value="sun.lwawt.macosx.CPrinterJob"/>
    <property name="sun.os.patch.level" value="unknown"/>
    <property name="java.library.path" value="/Users/geshuaiqi/Library/Java/Extensions:/Library/Java/Extensions:/Network/Library/Java/Extensions:/System/Library/Java/Extensions:/usr/lib/java:."/>
    <property name="java.vm.info" value="mixed mode"/>
    <property name="java.vendor" value="Oracle Corporation"/>
    <property name="java.vm.version" value="25.131-b11"/>
    <property name="java.ext.dirs" value="/Users/geshuaiqi/Library/Java/Extensions:/Library/Java/JavaVirtualMachines/jdk1.8.0_131.jdk/Contents/Home/jre/lib/ext:/Library/Java/Extensions:/Network/Library/Java/Extensions:/System/Library/Java/Extensions:/usr/lib/java"/>
    <property name="sun.io.unicode.encoding" value="UnicodeBig"/>
    <property name="java.class.version" value="52.0"/>
  </properties>
  <testcase name="contextLoads" classname="com.knowledge.graph.GraduatedesignApplicationTests" time="0.138"/>
</testsuite>